app/build/intermediates/manifest_merge_blame_file/debug/manifest-merger-blame-debug-report.txt
1<?xml version="1.0" encoding="utf-8"?>
2<manifest xmlns:android="http://schemas.android.com/apk/res/android"
3    package="com.example.hello_firebase"
4    android:versionCode="1"
5    android:versionName="1.0" >
6
7    <uses-sdk
8        android:minSdkVersion="16"
8-->src/main/AndroidManifest.xml
9        android:targetSdkVersion="28" />
9-->src/main/AndroidManifest.xml
10
11    <!-- Although the *SdkVersion is captured in gradle build files, this is required for non gradle builds -->
12    <!-- <uses-sdk android:minSdkVersion="14"/> -->
13    <uses-permission android:name="android.permission.ACCESS_NETWORK_STATE" />
13-->[com.google.firebase:firebase-database:19.2.1] AndroidManifest.xml:25:5-79
13-->[com.google.firebase:firebase-database:19.2.1] AndroidManifest.xml:25:22-76
14    <uses-permission android:name="android.permission.INTERNET" />
14-->[com.google.firebase:firebase-database:19.2.1] AndroidManifest.xml:26:5-67
14-->[com.google.firebase:firebase-database:19.2.1] AndroidManifest.xml:26:22-64
15    <uses-permission android:name="android.permission.WAKE_LOCK" /> <!-- Required by older versions of Google Play services to create IID tokens -->
15-->[com.google.android.gms:play-services-measurement-api:17.2.2] AndroidManifest.xml:24:5-68
15-->[com.google.android.gms:play-services-measurement-api:17.2.2] AndroidManifest.xml:24:22-65
16    <uses-permission android:name="com.google.android.c2dm.permission.RECEIVE" />
16-->[com.google.firebase:firebase-iid:20.0.2] AndroidManifest.xml:26:5-82
16-->[com.google.firebase:firebase-iid:20.0.2] AndroidManifest.xml:26:22-79
17    <uses-permission android:name="com.google.android.finsky.permission.BIND_GET_INSTALL_REFERRER_SERVICE" />
17-->[com.google.android.gms:play-services-measurement:17.2.2] AndroidManifest.xml:26:5-110
17-->[com.google.android.gms:play-services-measurement:17.2.2] AndroidManifest.xml:26:22-107
18
19    <application
19-->src/main/AndroidManifest.xml:5:5-19:19
20        android:allowBackup="true"
20-->src/main/AndroidManifest.xml:6:9-35
21        android:appComponentFactory="androidx.core.app.CoreComponentFactory"
21-->[androidx.core:core:1.1.0] AndroidManifest.xml:24:18-86
22        android:debuggable="true"
23        android:icon="@mipmap/ic_launcher"
23-->src/main/AndroidManifest.xml:7:9-43
24        android:label="@string/app_name"
24-->src/main/AndroidManifest.xml:8:9-41
25        android:roundIcon="@mipmap/ic_launcher_round"
25-->src/main/AndroidManifest.xml:9:9-54
26        android:supportsRtl="true"
26-->src/main/AndroidManifest.xml:10:9-35
27        android:testOnly="true"
28        android:theme="@style/AppTheme" >
28-->src/main/AndroidManifest.xml:11:9-40
29        <activity android:name="com.example.hello_firebase.MainActivity" >
29-->src/main/AndroidManifest.xml:12:9-18:20
29-->src/main/AndroidManifest.xml:12:19-47
30            <intent-filter>
30-->src/main/AndroidManifest.xml:13:13-17:29
31                <action android:name="android.intent.action.MAIN" />
31-->src/main/AndroidManifest.xml:14:17-69
31-->src/main/AndroidManifest.xml:14:25-66
32
33                <category android:name="android.intent.category.LAUNCHER" />
33-->src/main/AndroidManifest.xml:16:17-77
33-->src/main/AndroidManifest.xml:16:27-74
34            </intent-filter>
35        </activity>
36
37        <service
37-->[com.google.firebase:firebase-database:19.2.1] AndroidManifest.xml:29:9-35:19
38            android:name="com.google.firebase.components.ComponentDiscoveryService"
38-->[com.google.firebase:firebase-database:19.2.1] AndroidManifest.xml:30:13-84
39            android:directBootAware="true"
39-->[com.google.firebase:firebase-common:19.3.0] AndroidManifest.xml:34:13-43
40            android:exported="false" >
40-->[com.google.firebase:firebase-database:19.2.1] AndroidManifest.xml:31:13-37
41            <meta-data
41-->[com.google.firebase:firebase-database:19.2.1] AndroidManifest.xml:32:13-34:85
42                android:name="com.google.firebase.components:com.google.firebase.database.DatabaseRegistrar"
42-->[com.google.firebase:firebase-database:19.2.1] AndroidManifest.xml:33:17-109
43                android:value="com.google.firebase.components.ComponentRegistrar" />
43-->[com.google.firebase:firebase-database:19.2.1] AndroidManifest.xml:34:17-82
44            <meta-data
44-->[com.google.android.gms:play-services-measurement-api:17.2.2] AndroidManifest.xml:30:13-32:85
45                android:name="com.google.firebase.components:com.google.firebase.analytics.connector.internal.AnalyticsConnectorRegistrar"
45-->[com.google.android.gms:play-services-measurement-api:17.2.2] AndroidManifest.xml:31:17-139
46                android:value="com.google.firebase.components.ComponentRegistrar" />
46-->[com.google.android.gms:play-services-measurement-api:17.2.2] AndroidManifest.xml:32:17-82
47            <meta-data
47-->[com.google.firebase:firebase-iid:20.0.2] AndroidManifest.xml:32:13-34:85
48                android:name="com.google.firebase.components:com.google.firebase.iid.Registrar"
48-->[com.google.firebase:firebase-iid:20.0.2] AndroidManifest.xml:33:17-96
49                android:value="com.google.firebase.components.ComponentRegistrar" />
49-->[com.google.firebase:firebase-iid:20.0.2] AndroidManifest.xml:34:17-82
50        </service>
51
52        <receiver
52-->[com.google.firebase:firebase-iid:20.0.2] AndroidManifest.xml:37:9-44:20
53            android:name="com.google.firebase.iid.FirebaseInstanceIdReceiver"
53-->[com.google.firebase:firebase-iid:20.0.2] AndroidManifest.xml:38:13-78
54            android:exported="true"
54-->[com.google.firebase:firebase-iid:20.0.2] AndroidManifest.xml:39:13-36
55            android:permission="com.google.android.c2dm.permission.SEND" >
55-->[com.google.firebase:firebase-iid:20.0.2] AndroidManifest.xml:40:13-73
56            <intent-filter>
56-->[com.google.firebase:firebase-iid:20.0.2] AndroidManifest.xml:41:13-43:29
57                <action android:name="com.google.android.c2dm.intent.RECEIVE" />
57-->[com.google.firebase:firebase-iid:20.0.2] AndroidManifest.xml:42:17-81
57-->[com.google.firebase:firebase-iid:20.0.2] AndroidManifest.xml:42:25-78
58            </intent-filter>
59        </receiver>
60
61        <activity
61-->[com.google.android.gms:play-services-base:17.0.0] AndroidManifest.xml:23:9-26:75
62            android:name="com.google.android.gms.common.api.GoogleApiActivity"
62-->[com.google.android.gms:play-services-base:17.0.0] AndroidManifest.xml:24:13-79
63            android:exported="false"
63-->[com.google.android.gms:play-services-base:17.0.0] AndroidManifest.xml:25:13-37
64            android:theme="@android:style/Theme.Translucent.NoTitleBar" />
64-->[com.google.android.gms:play-services-base:17.0.0] AndroidManifest.xml:26:13-72
65
66        <receiver
66-->[com.google.android.gms:play-services-measurement:17.2.2] AndroidManifest.xml:29:9-33:20
67            android:name="com.google.android.gms.measurement.AppMeasurementReceiver"
67-->[com.google.android.gms:play-services-measurement:17.2.2] AndroidManifest.xml:30:13-85
68            android:enabled="true"
68-->[com.google.android.gms:play-services-measurement:17.2.2] AndroidManifest.xml:31:13-35
69            android:exported="false" >
69-->[com.google.android.gms:play-services-measurement:17.2.2] AndroidManifest.xml:32:13-37
70        </receiver>
71        <receiver
71-->[com.google.android.gms:play-services-measurement:17.2.2] AndroidManifest.xml:34:9-42:20
72            android:name="com.google.android.gms.measurement.AppMeasurementInstallReferrerReceiver"
72-->[com.google.android.gms:play-services-measurement:17.2.2] AndroidManifest.xml:35:13-100
73            android:enabled="true"
73-->[com.google.android.gms:play-services-measurement:17.2.2] AndroidManifest.xml:36:13-35
74            android:exported="true"
74-->[com.google.android.gms:play-services-measurement:17.2.2] AndroidManifest.xml:37:13-36
75            android:permission="android.permission.INSTALL_PACKAGES" >
75-->[com.google.android.gms:play-services-measurement:17.2.2] AndroidManifest.xml:38:13-69
76            <intent-filter>
76-->[com.google.android.gms:play-services-measurement:17.2.2] AndroidManifest.xml:39:13-41:29
77                <action android:name="com.android.vending.INSTALL_REFERRER" />
77-->[com.google.android.gms:play-services-measurement:17.2.2] AndroidManifest.xml:40:17-79
77-->[com.google.android.gms:play-services-measurement:17.2.2] AndroidManifest.xml:40:25-76
78            </intent-filter>
79        </receiver>
80
81        <service
81-->[com.google.android.gms:play-services-measurement:17.2.2] AndroidManifest.xml:44:9-47:40
82            android:name="com.google.android.gms.measurement.AppMeasurementService"
82-->[com.google.android.gms:play-services-measurement:17.2.2] AndroidManifest.xml:45:13-84
83            android:enabled="true"
83-->[com.google.android.gms:play-services-measurement:17.2.2] AndroidManifest.xml:46:13-35
84            android:exported="false" />
84-->[com.google.android.gms:play-services-measurement:17.2.2] AndroidManifest.xml:47:13-37
85        <service
85-->[com.google.android.gms:play-services-measurement:17.2.2] AndroidManifest.xml:48:9-52:72
86            android:name="com.google.android.gms.measurement.AppMeasurementJobService"
86-->[com.google.android.gms:play-services-measurement:17.2.2] AndroidManifest.xml:49:13-87
87            android:enabled="true"
87-->[com.google.android.gms:play-services-measurement:17.2.2] AndroidManifest.xml:50:13-35
88            android:exported="false"
88-->[com.google.android.gms:play-services-measurement:17.2.2] AndroidManifest.xml:51:13-37
89            android:permission="android.permission.BIND_JOB_SERVICE" />
89-->[com.google.android.gms:play-services-measurement:17.2.2] AndroidManifest.xml:52:13-69
90
91        <provider
91-->[com.google.firebase:firebase-common:19.3.0] AndroidManifest.xml:26:9-30:39
92            android:name="com.google.firebase.provider.FirebaseInitProvider"
92-->[com.google.firebase:firebase-common:19.3.0] AndroidManifest.xml:27:13-77
93            android:authorities="com.example.hello_firebase.firebaseinitprovider"
93-->[com.google.firebase:firebase-common:19.3.0] AndroidManifest.xml:28:13-72
94            android:exported="false"
94-->[com.google.firebase:firebase-common:19.3.0] AndroidManifest.xml:29:13-37
95            android:initOrder="100" />
95-->[com.google.firebase:firebase-common:19.3.0] AndroidManifest.xml:30:13-36
96
97        <meta-data
97-->[com.google.android.gms:play-services-basement:17.0.0] AndroidManifest.xml:23:9-25:69
98            android:name="com.google.android.gms.version"
98-->[com.google.android.gms:play-services-basement:17.0.0] AndroidManifest.xml:24:13-58
99            android:value="@integer/google_play_services_version" />
99-->[com.google.android.gms:play-services-basement:17.0.0] AndroidManifest.xml:25:13-66
100    </application>
101
102</manifest>